============================== Prover9 ===============================
Prover9 (64) version 2009-11A, November 2009.
Process 752 was started by violeta on LAPTOP-J1T1GSAL,
Wed Dec  4 19:22:58 2024
The command was "/mnt/c/Users/hozas/OneDrive/De toate/facultate/AI/labs/LADR-2009-11A/bin/prover9".
============================== end of head ===========================

============================== INPUT =================================

formulas(assumptions).
(all X ((all Y (animal(Y) -> loves(X,Y))) -> (exists Z loves(Z,X)))).
(all X all Y (kills(X,Y) & animal(Y) -> (all Z -loves(Z,X)))).
(all Y (animal(Y) -> loves(jack,Y))).
kills(jack,tuna) | kills(curiosity,tuna).
(all X (cat(X) -> animal(X))).
-(kills(jack,tuna) & kills(curiosity,tuna)).
cat(tuna).
end_of_list.

formulas(goals).
kills(curiosity,tuna).
end_of_list.

============================== end of input ==========================

============================== PROCESS NON-CLAUSAL FORMULAS ==========

% Formulas that are not ordinary clauses:
1 (all X ((all Y (animal(Y) -> loves(X,Y))) -> (exists Z loves(Z,X)))) # label(non_clause).  [assumption].
2 (all X all Y (kills(X,Y) & animal(Y) -> (all Z -loves(Z,X)))) # label(non_clause).  [assumption].
3 (all Y (animal(Y) -> loves(jack,Y))) # label(non_clause).  [assumption].
4 (all X (cat(X) -> animal(X))) # label(non_clause).  [assumption].
5 -(kills(jack,tuna) & kills(curiosity,tuna)) # label(non_clause).  [assumption].
6 kills(curiosity,tuna) # label(non_clause) # label(goal).  [goal].

============================== end of process non-clausal formulas ===

============================== PROCESS INITIAL CLAUSES ===============

% Clauses before input processing:

formulas(usable).
end_of_list.

formulas(sos).
animal(f1(x)) | loves(f2(x),x).  [clausify(1)].
-loves(x,f1(x)) | loves(f2(x),x).  [clausify(1)].
-kills(x,y) | -animal(y) | -loves(z,x).  [clausify(2)].
-animal(x) | loves(jack,x).  [clausify(3)].
kills(jack,tuna) | kills(curiosity,tuna).  [assumption].
-cat(x) | animal(x).  [clausify(4)].
-kills(jack,tuna) | -kills(curiosity,tuna).  [clausify(5)].
cat(tuna).  [assumption].
-kills(curiosity,tuna).  [deny(6)].
end_of_list.

formulas(demodulators).
end_of_list.

============================== PREDICATE ELIMINATION =================

Eliminating animal/1
7 -kills(x,y) | -animal(y) | -loves(z,x).  [clausify(2)].
8 animal(f1(x)) | loves(f2(x),x).  [clausify(1)].
Derived: -kills(x,f1(y)) | -loves(z,x) | loves(f2(y),y).  [resolve(7,b,8,a)].
9 -animal(x) | loves(jack,x).  [clausify(3)].
Derived: loves(jack,f1(x)) | loves(f2(x),x).  [resolve(9,a,8,a)].
10 -cat(x) | animal(x).  [clausify(4)].
Derived: -cat(x) | -kills(y,x) | -loves(z,y).  [resolve(10,b,7,b)].
Derived: -cat(x) | loves(jack,x).  [resolve(10,b,9,a)].

Eliminating cat/1
11 -cat(x) | -kills(y,x) | -loves(z,y).  [resolve(10,b,7,b)].
12 cat(tuna).  [assumption].
Derived: -kills(x,tuna) | -loves(y,x).  [resolve(11,a,12,a)].
13 -cat(x) | loves(jack,x).  [resolve(10,b,9,a)].
Derived: loves(jack,tuna).  [resolve(13,a,12,a)].

============================== end predicate elimination =============

Auto_denials:  (non-Horn, no changes).

Term ordering decisions:
Predicate symbol precedence:  predicate_order([ loves, kills ]).
Function symbol precedence:  function_order([ jack, tuna, curiosity, f1, f2 ]).
After inverse_order:  (no changes).
Unfolding symbols: (none).

Auto_inference settings:
  % set(binary_resolution).  % (non-Horn)
  % set(neg_ur_resolution).  % (non-Horn, less than 100 clauses)

Auto_process settings:
  % set(factor).  % (non-Horn)
  % set(unit_deletion).  % (non-Horn)

kept:      14 -loves(x,f1(x)) | loves(f2(x),x).  [clausify(1)].
kept:      15 kills(jack,tuna) | kills(curiosity,tuna).  [assumption].
kept:      16 -kills(jack,tuna) | -kills(curiosity,tuna).  [clausify(5)].
kept:      17 -kills(curiosity,tuna).  [deny(6)].
kept:      18 -kills(x,f1(y)) | -loves(z,x) | loves(f2(y),y).  [resolve(7,b,8,a)].
kept:      19 loves(jack,f1(x)) | loves(f2(x),x).  [resolve(9,a,8,a)].
kept:      20 -kills(x,tuna) | -loves(y,x).  [resolve(11,a,12,a)].
kept:      21 loves(jack,tuna).  [resolve(13,a,12,a)].
kept:      22 kills(jack,tuna).  [back_unit_del(15),unit_del(b,17)].

============================== end of process initial clauses ========

============================== CLAUSES FOR SEARCH ====================

% Clauses after input processing:

formulas(usable).
end_of_list.

formulas(sos).
14 -loves(x,f1(x)) | loves(f2(x),x).  [clausify(1)].
17 -kills(curiosity,tuna).  [deny(6)].
18 -kills(x,f1(y)) | -loves(z,x) | loves(f2(y),y).  [resolve(7,b,8,a)].
19 loves(jack,f1(x)) | loves(f2(x),x).  [resolve(9,a,8,a)].
20 -kills(x,tuna) | -loves(y,x).  [resolve(11,a,12,a)].
21 loves(jack,tuna).  [resolve(13,a,12,a)].
22 kills(jack,tuna).  [back_unit_del(15),unit_del(b,17)].
end_of_list.

formulas(demodulators).
end_of_list.

============================== end of clauses for search =============

============================== SEARCH ================================

% Starting search at 0.00 seconds.

given #1 (I,wt=8): 14 -loves(x,f1(x)) | loves(f2(x),x).  [clausify(1)].

given #2 (I,wt=3): 17 -kills(curiosity,tuna).  [deny(6)].

given #3 (I,wt=11): 18 -kills(x,f1(y)) | -loves(z,x) | loves(f2(y),y).  [resolve(7,b,8,a)].

given #4 (I,wt=8): 19 loves(jack,f1(x)) | loves(f2(x),x).  [resolve(9,a,8,a)].

given #5 (I,wt=6): 20 -kills(x,tuna) | -loves(y,x).  [resolve(11,a,12,a)].

given #6 (I,wt=3): 21 loves(jack,tuna).  [resolve(13,a,12,a)].

given #7 (I,wt=3): 22 kills(jack,tuna).  [back_unit_del(15),unit_del(b,17)].

given #8 (A,wt=3): 23 -kills(tuna,tuna).  [ur(20,b,21,a)].

given #9 (F,wt=3): 24 -loves(x,jack).  [resolve(22,a,20,a)].

============================== PROOF =================================

% Proof 1 at 0.00 (+ 0.01) seconds.
% Length of proof is 20.
% Level of proof is 6.
% Maximum clause weight is 8.000.
% Given clauses 9.

1 (all X ((all Y (animal(Y) -> loves(X,Y))) -> (exists Z loves(Z,X)))) # label(non_clause).  [assumption].
2 (all X all Y (kills(X,Y) & animal(Y) -> (all Z -loves(Z,X)))) # label(non_clause).  [assumption].
3 (all Y (animal(Y) -> loves(jack,Y))) # label(non_clause).  [assumption].
4 (all X (cat(X) -> animal(X))) # label(non_clause).  [assumption].
6 kills(curiosity,tuna) # label(non_clause) # label(goal).  [goal].
7 -kills(x,y) | -animal(y) | -loves(z,x).  [clausify(2)].
8 animal(f1(x)) | loves(f2(x),x).  [clausify(1)].
9 -animal(x) | loves(jack,x).  [clausify(3)].
10 -cat(x) | animal(x).  [clausify(4)].
11 -cat(x) | -kills(y,x) | -loves(z,y).  [resolve(10,b,7,b)].
12 cat(tuna).  [assumption].
14 -loves(x,f1(x)) | loves(f2(x),x).  [clausify(1)].
15 kills(jack,tuna) | kills(curiosity,tuna).  [assumption].
17 -kills(curiosity,tuna).  [deny(6)].
19 loves(jack,f1(x)) | loves(f2(x),x).  [resolve(9,a,8,a)].
20 -kills(x,tuna) | -loves(y,x).  [resolve(11,a,12,a)].
22 kills(jack,tuna).  [back_unit_del(15),unit_del(b,17)].
24 -loves(x,jack).  [resolve(22,a,20,a)].
25 loves(jack,f1(jack)).  [resolve(24,a,19,b)].
27 $F.  [ur(14,b,24,a),unit_del(a,25)].

============================== end of proof ==========================

============================== STATISTICS ============================

Given=9. Generated=15. Kept=13. proofs=1.
Usable=9. Sos=0. Demods=0. Limbo=2, Disabled=17. Hints=0.
Kept_by_rule=0, Deleted_by_rule=0.
Forward_subsumed=1. Back_subsumed=1.
Sos_limit_deleted=0. Sos_displaced=0. Sos_removed=0.
New_demodulators=0 (0 lex), Back_demodulated=0. Back_unit_deleted=1.
Demod_attempts=0. Demod_rewrites=0.
Res_instance_prunes=0. Para_instance_prunes=0. Basic_paramod_prunes=0.
Nonunit_fsub_feature_tests=1. Nonunit_bsub_feature_tests=8.
Megabytes=0.06.
User_CPU=0.00, System_CPU=0.01, Wall_clock=0.

============================== end of statistics =====================

============================== end of search =========================

THEOREM PROVED

Exiting with 1 proof.

Process 752 exit (max_proofs) Wed Dec  4 19:22:58 2024
